2017-06-18 22:19:08.485 INFO  SparkContext:58 - Running Spark version 1.6.1
  2017-06-18 22:19:09.375 WARN  NativeCodeLoader:62 - Unable to load native-hadoop library for your platform... using builtin-java classes where applicable
  2017-06-18 22:19:09.910 INFO  SecurityManager:58 - Changing view acls to: jaikumaran.g
  2017-06-18 22:19:09.913 INFO  SecurityManager:58 - Changing modify acls to: jaikumaran.g
  2017-06-18 22:19:09.915 INFO  SecurityManager:58 - SecurityManager: authentication disabled; ui acls disabled; users with view permissions: Set(jaikumaran.g); users with modify permissions: Set(jaikumaran.g)
  2017-06-18 22:19:11.159 INFO  Utils:58 - Successfully started service 'sparkDriver' on port 63475.
  2017-06-18 22:19:11.794 INFO  Slf4jLogger:80 - Slf4jLogger started
  2017-06-18 22:19:11.914 INFO  Remoting:74 - Starting remoting
  2017-06-18 22:19:12.462 INFO  Remoting:74 - Remoting started; listening on addresses :[akka.tcp://sparkDriverActorSystem@192.168.0.6:63488]
  2017-06-18 22:19:12.479 INFO  Utils:58 - Successfully started service 'sparkDriverActorSystem' on port 63488.
  2017-06-18 22:19:12.512 INFO  SparkEnv:58 - Registering MapOutputTracker
  2017-06-18 22:19:12.563 INFO  SparkEnv:58 - Registering BlockManagerMaster
  2017-06-18 22:19:12.595 INFO  DiskBlockManager:58 - Created local directory at C:\Users\jaikumaran.g\AppData\Local\Temp\blockmgr-c830e1af-e797-4d0a-9ac3-46e135c74e6b
  2017-06-18 22:19:12.655 INFO  MemoryStore:58 - MemoryStore started with capacity 1120.5 MB
  2017-06-18 22:19:12.895 INFO  SparkEnv:58 - Registering OutputCommitCoordinator
  2017-06-18 22:19:13.278 INFO  Server:272 - jetty-8.y.z-SNAPSHOT
  2017-06-18 22:19:13.429 INFO  AbstractConnector:338 - Started SelectChannelConnector@0.0.0.0:4040
  2017-06-18 22:19:13.430 INFO  Utils:58 - Successfully started service 'SparkUI' on port 4040.
  2017-06-18 22:19:13.436 INFO  SparkUI:58 - Started SparkUI at http://192.168.0.6:4040
  2017-06-18 22:19:13.684 INFO  Executor:58 - Starting executor ID driver on host localhost
  2017-06-18 22:19:13.741 INFO  Utils:58 - Successfully started service 'org.apache.spark.network.netty.NettyBlockTransferService' on port 63508.
  2017-06-18 22:19:13.743 INFO  NettyBlockTransferService:58 - Server created on 63508
  2017-06-18 22:19:13.747 INFO  BlockManagerMaster:58 - Trying to register BlockManager
  2017-06-18 22:19:13.750 INFO  BlockManagerMasterEndpoint:58 - Registering block manager localhost:63508 with 1120.5 MB RAM, BlockManagerId(driver, localhost, 63508)
  2017-06-18 22:19:13.753 INFO  BlockManagerMaster:58 - Registered BlockManager
  2017-06-18 22:19:14.839 INFO  MemoryStore:58 - Block broadcast_0 stored as values in memory (estimated size 199.2 KB, free 199.2 KB)
  2017-06-18 22:19:14.906 INFO  MemoryStore:58 - Block broadcast_0_piece0 stored as bytes in memory (estimated size 18.5 KB, free 217.8 KB)
  2017-06-18 22:19:14.909 INFO  BlockManagerInfo:58 - Added broadcast_0_piece0 in memory on localhost:63508 (size: 18.5 KB, free: 1120.5 MB)
  2017-06-18 22:19:14.916 INFO  SparkContext:58 - Created broadcast 0 from textFile at SparkWordCount.scala:39
  2017-06-18 22:19:15.652 INFO  FileInputFormat:256 - Total input files to process : 1
  2017-06-18 22:19:16.064 INFO  deprecation:1181 - mapred.tip.id is deprecated. Instead, use mapreduce.task.id
  2017-06-18 22:19:16.066 INFO  deprecation:1181 - mapred.task.id is deprecated. Instead, use mapreduce.task.attempt.id
  2017-06-18 22:19:16.067 INFO  deprecation:1181 - mapred.task.is.map is deprecated. Instead, use mapreduce.task.ismap
  2017-06-18 22:19:16.068 INFO  deprecation:1181 - mapred.task.partition is deprecated. Instead, use mapreduce.task.partition
  2017-06-18 22:19:16.070 INFO  deprecation:1181 - mapred.job.id is deprecated. Instead, use mapreduce.job.id
  2017-06-18 22:19:16.084 INFO  FileOutputCommitter:123 - File Output Committer Algorithm version is 1
  2017-06-18 22:19:16.085 INFO  FileOutputCommitter:138 - FileOutputCommitter skip cleanup _temporary folders under output directory:false, ignore cleanup failures: false
  2017-06-18 22:19:16.491 INFO  SparkContext:58 - Starting job: saveAsTextFile at SparkWordCount.scala:55
  2017-06-18 22:19:16.550 INFO  DAGScheduler:58 - Registering RDD 3 (map at SparkWordCount.scala:45)
  2017-06-18 22:19:16.558 INFO  DAGScheduler:58 - Got job 0 (saveAsTextFile at SparkWordCount.scala:55) with 3 output partitions
  2017-06-18 22:19:16.559 INFO  DAGScheduler:58 - Final stage: ResultStage 1 (saveAsTextFile at SparkWordCount.scala:55)
  2017-06-18 22:19:16.561 INFO  DAGScheduler:58 - Parents of final stage: List(ShuffleMapStage 0)
  2017-06-18 22:19:16.564 INFO  DAGScheduler:58 - Missing parents: List(ShuffleMapStage 0)
  2017-06-18 22:19:16.581 INFO  DAGScheduler:58 - Submitting ShuffleMapStage 0 (MapPartitionsRDD[3] at map at SparkWordCount.scala:45), which has no missing parents
  2017-06-18 22:19:16.660 INFO  MemoryStore:58 - Block broadcast_1 stored as values in memory (estimated size 4.1 KB, free 221.9 KB)
  2017-06-18 22:19:16.665 INFO  MemoryStore:58 - Block broadcast_1_piece0 stored as bytes in memory (estimated size 2.3 KB, free 224.2 KB)
  2017-06-18 22:19:16.668 INFO  BlockManagerInfo:58 - Added broadcast_1_piece0 in memory on localhost:63508 (size: 2.3 KB, free: 1120.5 MB)
  2017-06-18 22:19:16.671 INFO  SparkContext:58 - Created broadcast 1 from broadcast at DAGScheduler.scala:1006
  2017-06-18 22:19:16.679 INFO  DAGScheduler:58 - Submitting 3 missing tasks from ShuffleMapStage 0 (MapPartitionsRDD[3] at map at SparkWordCount.scala:45)
  2017-06-18 22:19:16.683 INFO  TaskSchedulerImpl:58 - Adding task set 0.0 with 3 tasks
  2017-06-18 22:19:16.842 INFO  TaskSetManager:58 - Starting task 0.0 in stage 0.0 (TID 0, localhost, partition 0,PROCESS_LOCAL, 2179 bytes)
  2017-06-18 22:19:16.918 INFO  TaskSetManager:58 - Starting task 1.0 in stage 0.0 (TID 1, localhost, partition 1,PROCESS_LOCAL, 2179 bytes)
  2017-06-18 22:19:16.930 INFO  TaskSetManager:58 - Starting task 2.0 in stage 0.0 (TID 2, localhost, partition 2,PROCESS_LOCAL, 2179 bytes)
  2017-06-18 22:19:16.958 INFO  Executor:58 - Running task 0.0 in stage 0.0 (TID 0)
  2017-06-18 22:19:16.974 INFO  Executor:58 - Running task 1.0 in stage 0.0 (TID 1)
  2017-06-18 22:19:16.974 INFO  Executor:58 - Running task 2.0 in stage 0.0 (TID 2)
  2017-06-18 22:19:17.020 INFO  HadoopRDD:58 - Input split: file:/C:/Users/jaikumaran.g/git/MyPersonalSample2/JavaExamples/data/majestic_million.csv:33554432+33554432
  2017-06-18 22:19:17.022 INFO  HadoopRDD:58 - Input split: file:/C:/Users/jaikumaran.g/git/MyPersonalSample2/JavaExamples/data/majestic_million.csv:0+33554432
  2017-06-18 22:19:17.021 INFO  HadoopRDD:58 - Input split: file:/C:/Users/jaikumaran.g/git/MyPersonalSample2/JavaExamples/data/majestic_million.csv:67108864+14451503
  2017-06-18 22:19:22.941 INFO  Executor:58 - Finished task 2.0 in stage 0.0 (TID 2). 2255 bytes result sent to driver
  2017-06-18 22:19:23.010 INFO  TaskSetManager:58 - Finished task 2.0 in stage 0.0 (TID 2) in 6050 ms on localhost (1/3)
  2017-06-18 22:19:30.833 INFO  Executor:58 - Finished task 0.0 in stage 0.0 (TID 0). 2255 bytes result sent to driver
  2017-06-18 22:19:30.845 INFO  TaskSetManager:58 - Finished task 0.0 in stage 0.0 (TID 0) in 14094 ms on localhost (2/3)
  2017-06-18 22:19:32.097 INFO  Executor:58 - Finished task 1.0 in stage 0.0 (TID 1). 2255 bytes result sent to driver
  2017-06-18 22:19:32.100 INFO  TaskSetManager:58 - Finished task 1.0 in stage 0.0 (TID 1) in 15191 ms on localhost (3/3)
  2017-06-18 22:19:32.246 INFO  DAGScheduler:58 - ShuffleMapStage 0 (map at SparkWordCount.scala:45) finished in 15.375 s
  2017-06-18 22:19:32.247 INFO  TaskSchedulerImpl:58 - Removed TaskSet 0.0, whose tasks have all completed, from pool 
  2017-06-18 22:19:32.248 INFO  DAGScheduler:58 - looking for newly runnable stages
  2017-06-18 22:19:32.838 INFO  DAGScheduler:58 - running: Set()
  2017-06-18 22:19:32.841 INFO  DAGScheduler:58 - waiting: Set(ResultStage 1)
  2017-06-18 22:19:33.352 INFO  DAGScheduler:58 - failed: Set()
  2017-06-18 22:19:33.358 INFO  DAGScheduler:58 - Submitting ResultStage 1 (MapPartitionsRDD[5] at saveAsTextFile at SparkWordCount.scala:55), which has no missing parents
  2017-06-18 22:19:33.623 INFO  MemoryStore:58 - Block broadcast_2 stored as values in memory (estimated size 83.0 KB, free 307.2 KB)
  2017-06-18 22:19:33.626 INFO  MemoryStore:58 - Block broadcast_2_piece0 stored as bytes in memory (estimated size 29.1 KB, free 336.3 KB)
  2017-06-18 22:19:33.629 INFO  BlockManagerInfo:58 - Added broadcast_2_piece0 in memory on localhost:63508 (size: 29.1 KB, free: 1120.5 MB)
  2017-06-18 22:19:33.630 INFO  SparkContext:58 - Created broadcast 2 from broadcast at DAGScheduler.scala:1006
  2017-06-18 22:19:33.632 INFO  DAGScheduler:58 - Submitting 3 missing tasks from ResultStage 1 (MapPartitionsRDD[5] at saveAsTextFile at SparkWordCount.scala:55)
  2017-06-18 22:19:33.633 INFO  TaskSchedulerImpl:58 - Adding task set 1.0 with 3 tasks
  2017-06-18 22:19:33.643 INFO  TaskSetManager:58 - Starting task 0.0 in stage 1.0 (TID 3, localhost, partition 0,NODE_LOCAL, 1894 bytes)
  2017-06-18 22:19:33.644 INFO  TaskSetManager:58 - Starting task 1.0 in stage 1.0 (TID 4, localhost, partition 1,NODE_LOCAL, 1894 bytes)
  2017-06-18 22:19:33.644 INFO  TaskSetManager:58 - Starting task 2.0 in stage 1.0 (TID 5, localhost, partition 2,NODE_LOCAL, 1894 bytes)
  2017-06-18 22:19:33.645 INFO  Executor:58 - Running task 0.0 in stage 1.0 (TID 3)
  2017-06-18 22:19:33.645 INFO  Executor:58 - Running task 2.0 in stage 1.0 (TID 5)
  2017-06-18 22:19:33.645 INFO  Executor:58 - Running task 1.0 in stage 1.0 (TID 4)
  2017-06-18 22:19:33.873 INFO  ShuffleBlockFetcherIterator:58 - Getting 3 non-empty blocks out of 3 blocks
  2017-06-18 22:19:33.873 INFO  ShuffleBlockFetcherIterator:58 - Getting 3 non-empty blocks out of 3 blocks
  2017-06-18 22:19:33.873 INFO  ShuffleBlockFetcherIterator:58 - Getting 3 non-empty blocks out of 3 blocks
  2017-06-18 22:19:33.881 INFO  ShuffleBlockFetcherIterator:58 - Started 0 remote fetches in 65 ms
  2017-06-18 22:19:33.881 INFO  ShuffleBlockFetcherIterator:58 - Started 0 remote fetches in 65 ms
  2017-06-18 22:19:33.881 INFO  ShuffleBlockFetcherIterator:58 - Started 0 remote fetches in 65 ms
  2017-06-18 22:19:38.111 INFO  FileOutputCommitter:123 - File Output Committer Algorithm version is 1
  2017-06-18 22:19:38.111 INFO  FileOutputCommitter:123 - File Output Committer Algorithm version is 1
  2017-06-18 22:19:38.111 INFO  FileOutputCommitter:123 - File Output Committer Algorithm version is 1
  2017-06-18 22:19:38.112 INFO  FileOutputCommitter:138 - FileOutputCommitter skip cleanup _temporary folders under output directory:false, ignore cleanup failures: false
  2017-06-18 22:19:38.112 INFO  FileOutputCommitter:138 - FileOutputCommitter skip cleanup _temporary folders under output directory:false, ignore cleanup failures: false
  2017-06-18 22:19:38.113 INFO  FileOutputCommitter:138 - FileOutputCommitter skip cleanup _temporary folders under output directory:false, ignore cleanup failures: false
  2017-06-18 22:19:42.940 INFO  FileOutputCommitter:582 - Saved output of task 'attempt_201706182219_0001_m_000002_5' to file:/C:/Users/jaikumaran.g/git/MyPersonalSample2/JavaExamples/output/sparkwordcount/_temporary/0/task_201706182219_0001_m_000002
  2017-06-18 22:19:42.943 INFO  SparkHadoopMapRedUtil:58 - attempt_201706182219_0001_m_000002_5: Committed
  2017-06-18 22:19:42.943 INFO  FileOutputCommitter:582 - Saved output of task 'attempt_201706182219_0001_m_000001_4' to file:/C:/Users/jaikumaran.g/git/MyPersonalSample2/JavaExamples/output/sparkwordcount/_temporary/0/task_201706182219_0001_m_000001
  2017-06-18 22:19:42.943 INFO  SparkHadoopMapRedUtil:58 - attempt_201706182219_0001_m_000001_4: Committed
  2017-06-18 22:19:42.948 INFO  FileOutputCommitter:582 - Saved output of task 'attempt_201706182219_0001_m_000000_3' to file:/C:/Users/jaikumaran.g/git/MyPersonalSample2/JavaExamples/output/sparkwordcount/_temporary/0/task_201706182219_0001_m_000000
  2017-06-18 22:19:42.949 INFO  SparkHadoopMapRedUtil:58 - attempt_201706182219_0001_m_000000_3: Committed
  2017-06-18 22:19:42.950 INFO  Executor:58 - Finished task 1.0 in stage 1.0 (TID 4). 2080 bytes result sent to driver
  2017-06-18 22:19:42.950 INFO  Executor:58 - Finished task 0.0 in stage 1.0 (TID 3). 2080 bytes result sent to driver
  2017-06-18 22:19:42.952 INFO  Executor:58 - Finished task 2.0 in stage 1.0 (TID 5). 2080 bytes result sent to driver
  2017-06-18 22:19:42.953 INFO  TaskSetManager:58 - Finished task 0.0 in stage 1.0 (TID 3) in 9312 ms on localhost (1/3)
  2017-06-18 22:19:42.956 INFO  TaskSetManager:58 - Finished task 2.0 in stage 1.0 (TID 5) in 9312 ms on localhost (2/3)
  2017-06-18 22:19:42.957 INFO  TaskSetManager:58 - Finished task 1.0 in stage 1.0 (TID 4) in 9313 ms on localhost (3/3)
  2017-06-18 22:19:42.957 INFO  DAGScheduler:58 - ResultStage 1 (saveAsTextFile at SparkWordCount.scala:55) finished in 9.318 s
  2017-06-18 22:19:42.957 INFO  TaskSchedulerImpl:58 - Removed TaskSet 1.0, whose tasks have all completed, from pool 
  2017-06-18 22:19:43.618 INFO  BlockManagerInfo:58 - Removed broadcast_1_piece0 on localhost:63508 in memory (size: 2.3 KB, free: 1120.5 MB)
  2017-06-18 22:19:43.622 INFO  DAGScheduler:58 - Job 0 finished: saveAsTextFile at SparkWordCount.scala:55, took 27.128710 s
  2017-06-18 22:19:45.165 INFO  SparkWordCount:57 - StopWatch './data/majestic_million.csv': running time (millis) = 31067
-----------------------------------------
ms     %     Task name
-----------------------------------------
00979  003%  textfile
00015  000%  flatMap
00007  000%  map
00672  002%  reduceByKey
29394  095%  saveAsTextFile

  2017-06-18 22:19:45.455 INFO  SparkContext:58 - Starting job: count at SparkWordCount.scala:59
  2017-06-18 22:19:45.510 INFO  MapOutputTrackerMaster:58 - Size of output statuses for shuffle 0 is 163 bytes
  2017-06-18 22:19:45.612 INFO  DAGScheduler:58 - Got job 1 (count at SparkWordCount.scala:59) with 3 output partitions
  2017-06-18 22:19:45.613 INFO  DAGScheduler:58 - Final stage: ResultStage 3 (count at SparkWordCount.scala:59)
  2017-06-18 22:19:45.613 INFO  DAGScheduler:58 - Parents of final stage: List(ShuffleMapStage 2)
  2017-06-18 22:19:45.613 INFO  DAGScheduler:58 - Missing parents: List()
  2017-06-18 22:19:45.614 INFO  DAGScheduler:58 - Submitting ResultStage 3 (ShuffledRDD[4] at reduceByKey at SparkWordCount.scala:49), which has no missing parents
  2017-06-18 22:19:45.616 INFO  MemoryStore:58 - Block broadcast_3 stored as values in memory (estimated size 2.4 KB, free 332.3 KB)
  2017-06-18 22:19:45.619 INFO  MemoryStore:58 - Block broadcast_3_piece0 stored as bytes in memory (estimated size 1549.0 B, free 333.8 KB)
  2017-06-18 22:19:45.620 INFO  BlockManagerInfo:58 - Added broadcast_3_piece0 in memory on localhost:63508 (size: 1549.0 B, free: 1120.5 MB)
  2017-06-18 22:19:45.620 INFO  SparkContext:58 - Created broadcast 3 from broadcast at DAGScheduler.scala:1006
  2017-06-18 22:19:45.621 INFO  DAGScheduler:58 - Submitting 3 missing tasks from ResultStage 3 (ShuffledRDD[4] at reduceByKey at SparkWordCount.scala:49)
  2017-06-18 22:19:45.621 INFO  TaskSchedulerImpl:58 - Adding task set 3.0 with 3 tasks
  2017-06-18 22:19:45.622 INFO  TaskSetManager:58 - Starting task 0.0 in stage 3.0 (TID 6, localhost, partition 0,NODE_LOCAL, 1894 bytes)
  2017-06-18 22:19:45.623 INFO  TaskSetManager:58 - Starting task 1.0 in stage 3.0 (TID 7, localhost, partition 1,NODE_LOCAL, 1894 bytes)
  2017-06-18 22:19:45.624 INFO  TaskSetManager:58 - Starting task 2.0 in stage 3.0 (TID 8, localhost, partition 2,NODE_LOCAL, 1894 bytes)
  2017-06-18 22:19:45.625 INFO  Executor:58 - Running task 0.0 in stage 3.0 (TID 6)
  2017-06-18 22:19:45.625 INFO  Executor:58 - Running task 2.0 in stage 3.0 (TID 8)
  2017-06-18 22:19:45.625 INFO  Executor:58 - Running task 1.0 in stage 3.0 (TID 7)
  2017-06-18 22:19:45.628 INFO  ShuffleBlockFetcherIterator:58 - Getting 3 non-empty blocks out of 3 blocks
  2017-06-18 22:19:45.628 INFO  ShuffleBlockFetcherIterator:58 - Started 0 remote fetches in 0 ms
  2017-06-18 22:19:45.630 INFO  ShuffleBlockFetcherIterator:58 - Getting 3 non-empty blocks out of 3 blocks
  2017-06-18 22:19:45.630 INFO  ShuffleBlockFetcherIterator:58 - Started 0 remote fetches in 0 ms
  2017-06-18 22:19:45.631 INFO  ShuffleBlockFetcherIterator:58 - Getting 3 non-empty blocks out of 3 blocks
  2017-06-18 22:19:45.631 INFO  ShuffleBlockFetcherIterator:58 - Started 0 remote fetches in 0 ms
  2017-06-18 22:19:47.433 INFO  Executor:58 - Finished task 0.0 in stage 3.0 (TID 6). 1203 bytes result sent to driver
  2017-06-18 22:19:47.440 INFO  TaskSetManager:58 - Finished task 0.0 in stage 3.0 (TID 6) in 1818 ms on localhost (1/3)
  2017-06-18 22:19:47.522 INFO  Executor:58 - Finished task 2.0 in stage 3.0 (TID 8). 1203 bytes result sent to driver
  2017-06-18 22:19:47.525 INFO  TaskSetManager:58 - Finished task 2.0 in stage 3.0 (TID 8) in 1902 ms on localhost (2/3)
  2017-06-18 22:19:47.561 INFO  Executor:58 - Finished task 1.0 in stage 3.0 (TID 7). 1203 bytes result sent to driver
  2017-06-18 22:19:47.564 INFO  TaskSetManager:58 - Finished task 1.0 in stage 3.0 (TID 7) in 1941 ms on localhost (3/3)
  2017-06-18 22:19:47.565 INFO  TaskSchedulerImpl:58 - Removed TaskSet 3.0, whose tasks have all completed, from pool 
  2017-06-18 22:19:47.565 INFO  DAGScheduler:58 - ResultStage 3 (count at SparkWordCount.scala:59) finished in 1.943 s
  2017-06-18 22:19:47.566 INFO  DAGScheduler:58 - Job 1 finished: count at SparkWordCount.scala:59, took 2.107980 s
  2017-06-18 22:19:47.566 INFO  SparkWordCount:59 - 2004212
  2017-06-18 22:19:48.081 INFO  SparkContext:58 - Invoking stop() from shutdown hook
  2017-06-18 22:19:48.620 INFO  ContextHandler:843 - stopped o.s.j.s.ServletContextHandler{/metrics/json,null}
  2017-06-18 22:19:48.621 INFO  ContextHandler:843 - stopped o.s.j.s.ServletContextHandler{/stages/stage/kill,null}
  2017-06-18 22:19:48.622 INFO  ContextHandler:843 - stopped o.s.j.s.ServletContextHandler{/api,null}
  2017-06-18 22:19:48.622 INFO  ContextHandler:843 - stopped o.s.j.s.ServletContextHandler{/,null}
  2017-06-18 22:19:48.622 INFO  ContextHandler:843 - stopped o.s.j.s.ServletContextHandler{/static,null}
  2017-06-18 22:19:48.623 INFO  ContextHandler:843 - stopped o.s.j.s.ServletContextHandler{/executors/threadDump/json,null}
  2017-06-18 22:19:48.623 INFO  ContextHandler:843 - stopped o.s.j.s.ServletContextHandler{/executors/threadDump,null}
  2017-06-18 22:19:48.624 INFO  ContextHandler:843 - stopped o.s.j.s.ServletContextHandler{/executors/json,null}
  2017-06-18 22:19:48.624 INFO  ContextHandler:843 - stopped o.s.j.s.ServletContextHandler{/executors,null}
  2017-06-18 22:19:48.625 INFO  ContextHandler:843 - stopped o.s.j.s.ServletContextHandler{/environment/json,null}
  2017-06-18 22:19:48.625 INFO  ContextHandler:843 - stopped o.s.j.s.ServletContextHandler{/environment,null}
  2017-06-18 22:19:48.626 INFO  ContextHandler:843 - stopped o.s.j.s.ServletContextHandler{/storage/rdd/json,null}
  2017-06-18 22:19:48.626 INFO  ContextHandler:843 - stopped o.s.j.s.ServletContextHandler{/storage/rdd,null}
  2017-06-18 22:19:48.627 INFO  ContextHandler:843 - stopped o.s.j.s.ServletContextHandler{/storage/json,null}
  2017-06-18 22:19:48.627 INFO  ContextHandler:843 - stopped o.s.j.s.ServletContextHandler{/storage,null}
  2017-06-18 22:19:48.628 INFO  ContextHandler:843 - stopped o.s.j.s.ServletContextHandler{/stages/pool/json,null}
  2017-06-18 22:19:48.629 INFO  ContextHandler:843 - stopped o.s.j.s.ServletContextHandler{/stages/pool,null}
  2017-06-18 22:19:48.629 INFO  ContextHandler:843 - stopped o.s.j.s.ServletContextHandler{/stages/stage/json,null}
  2017-06-18 22:19:48.629 INFO  ContextHandler:843 - stopped o.s.j.s.ServletContextHandler{/stages/stage,null}
  2017-06-18 22:19:48.630 INFO  ContextHandler:843 - stopped o.s.j.s.ServletContextHandler{/stages/json,null}
  2017-06-18 22:19:48.630 INFO  ContextHandler:843 - stopped o.s.j.s.ServletContextHandler{/stages,null}
  2017-06-18 22:19:48.631 INFO  ContextHandler:843 - stopped o.s.j.s.ServletContextHandler{/jobs/job/json,null}
  2017-06-18 22:19:48.631 INFO  ContextHandler:843 - stopped o.s.j.s.ServletContextHandler{/jobs/job,null}
  2017-06-18 22:19:48.631 INFO  ContextHandler:843 - stopped o.s.j.s.ServletContextHandler{/jobs/json,null}
  2017-06-18 22:19:48.631 INFO  ContextHandler:843 - stopped o.s.j.s.ServletContextHandler{/jobs,null}
  2017-06-18 22:19:48.798 WARN  QueuedThreadPool:145 - 4 threads could not be stopped
  2017-06-18 22:19:48.816 INFO  SparkUI:58 - Stopped Spark web UI at http://192.168.0.6:4040
  2017-06-18 22:19:49.692 INFO  MapOutputTrackerMasterEndpoint:58 - MapOutputTrackerMasterEndpoint stopped!
  2017-06-18 22:19:49.952 INFO  MemoryStore:58 - MemoryStore cleared
  2017-06-18 22:19:49.954 INFO  BlockManager:58 - BlockManager stopped
  2017-06-18 22:19:49.955 INFO  BlockManagerMaster:58 - BlockManagerMaster stopped
  2017-06-18 22:19:49.960 INFO  OutputCommitCoordinator$OutputCommitCoordinatorEndpoint:58 - OutputCommitCoordinator stopped!
  2017-06-18 22:19:50.104 INFO  SparkContext:58 - Successfully stopped SparkContext
  2017-06-18 22:19:50.301 INFO  ShutdownHookManager:58 - Shutdown hook called
  2017-06-18 22:19:50.456 INFO  ShutdownHookManager:58 - Deleting directory C:\Users\jaikumaran.g\AppData\Local\Temp\spark-09c34b67-a4c8-4c13-827f-07cc23de4720
  2017-06-18 22:20:43.214 INFO  SparkContext:58 - Running Spark version 1.6.1
  2017-06-18 22:20:44.641 WARN  NativeCodeLoader:62 - Unable to load native-hadoop library for your platform... using builtin-java classes where applicable
  2017-06-18 22:20:45.300 INFO  SecurityManager:58 - Changing view acls to: jaikumaran.g
  2017-06-18 22:20:45.301 INFO  SecurityManager:58 - Changing modify acls to: jaikumaran.g
  2017-06-18 22:20:45.302 INFO  SecurityManager:58 - SecurityManager: authentication disabled; ui acls disabled; users with view permissions: Set(jaikumaran.g); users with modify permissions: Set(jaikumaran.g)
  2017-06-18 22:20:47.278 INFO  Utils:58 - Successfully started service 'sparkDriver' on port 63544.
  2017-06-18 22:20:48.181 INFO  Slf4jLogger:80 - Slf4jLogger started
  2017-06-18 22:20:48.256 INFO  Remoting:74 - Starting remoting
  2017-06-18 22:20:48.656 INFO  Remoting:74 - Remoting started; listening on addresses :[akka.tcp://sparkDriverActorSystem@192.168.0.6:63557]
  2017-06-18 22:20:48.663 INFO  Utils:58 - Successfully started service 'sparkDriverActorSystem' on port 63557.
  2017-06-18 22:20:48.769 INFO  SparkEnv:58 - Registering MapOutputTracker
  2017-06-18 22:20:48.837 INFO  SparkEnv:58 - Registering BlockManagerMaster
  2017-06-18 22:20:48.881 INFO  DiskBlockManager:58 - Created local directory at C:\Users\jaikumaran.g\AppData\Local\Temp\blockmgr-21ee946f-2cbc-43b0-ac42-f20bc0465626
  2017-06-18 22:20:49.203 INFO  MemoryStore:58 - MemoryStore started with capacity 1120.5 MB
  2017-06-18 22:20:49.360 INFO  SparkEnv:58 - Registering OutputCommitCoordinator
  2017-06-18 22:20:49.955 INFO  Server:272 - jetty-8.y.z-SNAPSHOT
  2017-06-18 22:20:50.021 INFO  AbstractConnector:338 - Started SelectChannelConnector@0.0.0.0:4040
  2017-06-18 22:20:50.022 INFO  Utils:58 - Successfully started service 'SparkUI' on port 4040.
  2017-06-18 22:20:50.025 INFO  SparkUI:58 - Started SparkUI at http://192.168.0.6:4040
  2017-06-18 22:20:50.331 INFO  Executor:58 - Starting executor ID driver on host localhost
  2017-06-18 22:20:50.439 INFO  Utils:58 - Successfully started service 'org.apache.spark.network.netty.NettyBlockTransferService' on port 63576.
  2017-06-18 22:20:50.443 INFO  NettyBlockTransferService:58 - Server created on 63576
  2017-06-18 22:20:50.445 INFO  BlockManagerMaster:58 - Trying to register BlockManager
  2017-06-18 22:20:50.457 INFO  BlockManagerMasterEndpoint:58 - Registering block manager localhost:63576 with 1120.5 MB RAM, BlockManagerId(driver, localhost, 63576)
  2017-06-18 22:20:50.461 INFO  BlockManagerMaster:58 - Registered BlockManager
  2017-06-18 22:20:51.460 INFO  MemoryStore:58 - Block broadcast_0 stored as values in memory (estimated size 199.2 KB, free 199.2 KB)
  2017-06-18 22:20:51.533 INFO  MemoryStore:58 - Block broadcast_0_piece0 stored as bytes in memory (estimated size 18.5 KB, free 217.8 KB)
  2017-06-18 22:20:51.537 INFO  BlockManagerInfo:58 - Added broadcast_0_piece0 in memory on localhost:63576 (size: 18.5 KB, free: 1120.5 MB)
  2017-06-18 22:20:51.558 INFO  SparkContext:58 - Created broadcast 0 from textFile at SparkWordCount.scala:39
  2017-06-18 22:20:52.177 INFO  FileInputFormat:256 - Total input files to process : 1
  2017-06-18 22:20:52.258 INFO  SparkContext:58 - Invoking stop() from shutdown hook
  2017-06-18 22:20:52.276 INFO  ContextHandler:843 - stopped o.s.j.s.ServletContextHandler{/metrics/json,null}
  2017-06-18 22:20:52.278 INFO  ContextHandler:843 - stopped o.s.j.s.ServletContextHandler{/stages/stage/kill,null}
  2017-06-18 22:20:52.278 INFO  ContextHandler:843 - stopped o.s.j.s.ServletContextHandler{/api,null}
  2017-06-18 22:20:52.279 INFO  ContextHandler:843 - stopped o.s.j.s.ServletContextHandler{/,null}
  2017-06-18 22:20:52.281 INFO  ContextHandler:843 - stopped o.s.j.s.ServletContextHandler{/static,null}
  2017-06-18 22:20:52.284 INFO  ContextHandler:843 - stopped o.s.j.s.ServletContextHandler{/executors/threadDump/json,null}
  2017-06-18 22:20:52.285 INFO  ContextHandler:843 - stopped o.s.j.s.ServletContextHandler{/executors/threadDump,null}
  2017-06-18 22:20:52.285 INFO  ContextHandler:843 - stopped o.s.j.s.ServletContextHandler{/executors/json,null}
  2017-06-18 22:20:52.286 INFO  ContextHandler:843 - stopped o.s.j.s.ServletContextHandler{/executors,null}
  2017-06-18 22:20:52.286 INFO  ContextHandler:843 - stopped o.s.j.s.ServletContextHandler{/environment/json,null}
  2017-06-18 22:20:52.287 INFO  ContextHandler:843 - stopped o.s.j.s.ServletContextHandler{/environment,null}
  2017-06-18 22:20:52.288 INFO  ContextHandler:843 - stopped o.s.j.s.ServletContextHandler{/storage/rdd/json,null}
  2017-06-18 22:20:52.288 INFO  ContextHandler:843 - stopped o.s.j.s.ServletContextHandler{/storage/rdd,null}
  2017-06-18 22:20:52.288 INFO  ContextHandler:843 - stopped o.s.j.s.ServletContextHandler{/storage/json,null}
  2017-06-18 22:20:52.289 INFO  ContextHandler:843 - stopped o.s.j.s.ServletContextHandler{/storage,null}
  2017-06-18 22:20:52.289 INFO  ContextHandler:843 - stopped o.s.j.s.ServletContextHandler{/stages/pool/json,null}
  2017-06-18 22:20:52.290 INFO  ContextHandler:843 - stopped o.s.j.s.ServletContextHandler{/stages/pool,null}
  2017-06-18 22:20:52.291 INFO  ContextHandler:843 - stopped o.s.j.s.ServletContextHandler{/stages/stage/json,null}
  2017-06-18 22:20:52.291 INFO  ContextHandler:843 - stopped o.s.j.s.ServletContextHandler{/stages/stage,null}
  2017-06-18 22:20:52.292 INFO  ContextHandler:843 - stopped o.s.j.s.ServletContextHandler{/stages/json,null}
  2017-06-18 22:20:52.293 INFO  ContextHandler:843 - stopped o.s.j.s.ServletContextHandler{/stages,null}
  2017-06-18 22:20:52.293 INFO  ContextHandler:843 - stopped o.s.j.s.ServletContextHandler{/jobs/job/json,null}
  2017-06-18 22:20:52.294 INFO  ContextHandler:843 - stopped o.s.j.s.ServletContextHandler{/jobs/job,null}
  2017-06-18 22:20:52.294 INFO  ContextHandler:843 - stopped o.s.j.s.ServletContextHandler{/jobs/json,null}
  2017-06-18 22:20:52.294 INFO  ContextHandler:843 - stopped o.s.j.s.ServletContextHandler{/jobs,null}
  2017-06-18 22:20:52.351 INFO  SparkUI:58 - Stopped Spark web UI at http://192.168.0.6:4040
  2017-06-18 22:20:52.410 INFO  MapOutputTrackerMasterEndpoint:58 - MapOutputTrackerMasterEndpoint stopped!
  2017-06-18 22:20:52.428 INFO  MemoryStore:58 - MemoryStore cleared
  2017-06-18 22:20:52.429 INFO  BlockManager:58 - BlockManager stopped
  2017-06-18 22:20:52.440 INFO  BlockManagerMaster:58 - BlockManagerMaster stopped
  2017-06-18 22:20:52.445 INFO  OutputCommitCoordinator$OutputCommitCoordinatorEndpoint:58 - OutputCommitCoordinator stopped!
  2017-06-18 22:20:52.452 INFO  SparkContext:58 - Successfully stopped SparkContext
  2017-06-18 22:20:52.454 INFO  ShutdownHookManager:58 - Shutdown hook called
  2017-06-18 22:20:52.455 INFO  ShutdownHookManager:58 - Deleting directory C:\Users\jaikumaran.g\AppData\Local\Temp\spark-e1f5be09-ea88-4739-9061-c5f84238c9c5
  2017-06-18 22:20:52.457 INFO  RemoteActorRefProvider$RemotingTerminator:74 - Shutting down remote daemon.
  2017-06-18 22:26:15.409 INFO  SparkContext:58 - Running Spark version 1.6.1
  2017-06-18 22:26:16.043 WARN  NativeCodeLoader:62 - Unable to load native-hadoop library for your platform... using builtin-java classes where applicable
  2017-06-18 22:26:16.225 INFO  SecurityManager:58 - Changing view acls to: jaikumaran.g
  2017-06-18 22:26:16.226 INFO  SecurityManager:58 - Changing modify acls to: jaikumaran.g
  2017-06-18 22:26:16.226 INFO  SecurityManager:58 - SecurityManager: authentication disabled; ui acls disabled; users with view permissions: Set(jaikumaran.g); users with modify permissions: Set(jaikumaran.g)
  2017-06-18 22:26:17.109 INFO  Utils:58 - Successfully started service 'sparkDriver' on port 63689.
  2017-06-18 22:26:17.648 INFO  Slf4jLogger:80 - Slf4jLogger started
  2017-06-18 22:26:17.717 INFO  Remoting:74 - Starting remoting
  2017-06-18 22:26:18.001 INFO  Remoting:74 - Remoting started; listening on addresses :[akka.tcp://sparkDriverActorSystem@192.168.0.6:63702]
  2017-06-18 22:26:18.012 INFO  Utils:58 - Successfully started service 'sparkDriverActorSystem' on port 63702.
  2017-06-18 22:26:18.033 INFO  SparkEnv:58 - Registering MapOutputTracker
  2017-06-18 22:26:18.066 INFO  SparkEnv:58 - Registering BlockManagerMaster
  2017-06-18 22:26:18.091 INFO  DiskBlockManager:58 - Created local directory at C:\Users\jaikumaran.g\AppData\Local\Temp\blockmgr-fb2c1d60-a9d3-44ef-9223-aa7c11b88deb
  2017-06-18 22:26:18.128 INFO  MemoryStore:58 - MemoryStore started with capacity 1120.5 MB
  2017-06-18 22:26:18.269 INFO  SparkEnv:58 - Registering OutputCommitCoordinator
  2017-06-18 22:26:18.620 INFO  Server:272 - jetty-8.y.z-SNAPSHOT
  2017-06-18 22:26:18.697 INFO  AbstractConnector:338 - Started SelectChannelConnector@0.0.0.0:4040
  2017-06-18 22:26:18.698 INFO  Utils:58 - Successfully started service 'SparkUI' on port 4040.
  2017-06-18 22:26:18.701 INFO  SparkUI:58 - Started SparkUI at http://192.168.0.6:4040
  2017-06-18 22:26:18.931 INFO  Executor:58 - Starting executor ID driver on host localhost
  2017-06-18 22:26:19.038 INFO  Utils:58 - Successfully started service 'org.apache.spark.network.netty.NettyBlockTransferService' on port 63721.
  2017-06-18 22:26:19.039 INFO  NettyBlockTransferService:58 - Server created on 63721
  2017-06-18 22:26:19.042 INFO  BlockManagerMaster:58 - Trying to register BlockManager
  2017-06-18 22:26:19.047 INFO  BlockManagerMasterEndpoint:58 - Registering block manager localhost:63721 with 1120.5 MB RAM, BlockManagerId(driver, localhost, 63721)
  2017-06-18 22:26:19.056 INFO  BlockManagerMaster:58 - Registered BlockManager
  2017-06-18 22:26:20.360 INFO  MemoryStore:58 - Block broadcast_0 stored as values in memory (estimated size 199.2 KB, free 199.2 KB)
  2017-06-18 22:26:20.423 INFO  MemoryStore:58 - Block broadcast_0_piece0 stored as bytes in memory (estimated size 18.5 KB, free 217.8 KB)
  2017-06-18 22:26:20.426 INFO  BlockManagerInfo:58 - Added broadcast_0_piece0 in memory on localhost:63721 (size: 18.5 KB, free: 1120.5 MB)
  2017-06-18 22:26:20.433 INFO  SparkContext:58 - Created broadcast 0 from textFile at SparkWordCount.scala:40
  2017-06-18 22:26:20.976 INFO  FileInputFormat:256 - Total input files to process : 1
  2017-06-18 22:26:21.015 INFO  SparkContext:58 - Invoking stop() from shutdown hook
  2017-06-18 22:26:21.032 INFO  ContextHandler:843 - stopped o.s.j.s.ServletContextHandler{/metrics/json,null}
  2017-06-18 22:26:21.033 INFO  ContextHandler:843 - stopped o.s.j.s.ServletContextHandler{/stages/stage/kill,null}
  2017-06-18 22:26:21.033 INFO  ContextHandler:843 - stopped o.s.j.s.ServletContextHandler{/api,null}
  2017-06-18 22:26:21.034 INFO  ContextHandler:843 - stopped o.s.j.s.ServletContextHandler{/,null}
  2017-06-18 22:26:21.034 INFO  ContextHandler:843 - stopped o.s.j.s.ServletContextHandler{/static,null}
  2017-06-18 22:26:21.035 INFO  ContextHandler:843 - stopped o.s.j.s.ServletContextHandler{/executors/threadDump/json,null}
  2017-06-18 22:26:21.035 INFO  ContextHandler:843 - stopped o.s.j.s.ServletContextHandler{/executors/threadDump,null}
  2017-06-18 22:26:21.036 INFO  ContextHandler:843 - stopped o.s.j.s.ServletContextHandler{/executors/json,null}
  2017-06-18 22:26:21.036 INFO  ContextHandler:843 - stopped o.s.j.s.ServletContextHandler{/executors,null}
  2017-06-18 22:26:21.037 INFO  ContextHandler:843 - stopped o.s.j.s.ServletContextHandler{/environment/json,null}
  2017-06-18 22:26:21.037 INFO  ContextHandler:843 - stopped o.s.j.s.ServletContextHandler{/environment,null}
  2017-06-18 22:26:21.038 INFO  ContextHandler:843 - stopped o.s.j.s.ServletContextHandler{/storage/rdd/json,null}
  2017-06-18 22:26:21.038 INFO  ContextHandler:843 - stopped o.s.j.s.ServletContextHandler{/storage/rdd,null}
  2017-06-18 22:26:21.038 INFO  ContextHandler:843 - stopped o.s.j.s.ServletContextHandler{/storage/json,null}
  2017-06-18 22:26:21.039 INFO  ContextHandler:843 - stopped o.s.j.s.ServletContextHandler{/storage,null}
  2017-06-18 22:26:21.039 INFO  ContextHandler:843 - stopped o.s.j.s.ServletContextHandler{/stages/pool/json,null}
  2017-06-18 22:26:21.040 INFO  ContextHandler:843 - stopped o.s.j.s.ServletContextHandler{/stages/pool,null}
  2017-06-18 22:26:21.040 INFO  ContextHandler:843 - stopped o.s.j.s.ServletContextHandler{/stages/stage/json,null}
  2017-06-18 22:26:21.041 INFO  ContextHandler:843 - stopped o.s.j.s.ServletContextHandler{/stages/stage,null}
  2017-06-18 22:26:21.041 INFO  ContextHandler:843 - stopped o.s.j.s.ServletContextHandler{/stages/json,null}
  2017-06-18 22:26:21.042 INFO  ContextHandler:843 - stopped o.s.j.s.ServletContextHandler{/stages,null}
  2017-06-18 22:26:21.042 INFO  ContextHandler:843 - stopped o.s.j.s.ServletContextHandler{/jobs/job/json,null}
  2017-06-18 22:26:21.042 INFO  ContextHandler:843 - stopped o.s.j.s.ServletContextHandler{/jobs/job,null}
  2017-06-18 22:26:21.043 INFO  ContextHandler:843 - stopped o.s.j.s.ServletContextHandler{/jobs/json,null}
  2017-06-18 22:26:21.043 INFO  ContextHandler:843 - stopped o.s.j.s.ServletContextHandler{/jobs,null}
  2017-06-18 22:26:21.095 INFO  SparkUI:58 - Stopped Spark web UI at http://192.168.0.6:4040
  2017-06-18 22:26:21.116 INFO  MapOutputTrackerMasterEndpoint:58 - MapOutputTrackerMasterEndpoint stopped!
  2017-06-18 22:26:21.136 INFO  MemoryStore:58 - MemoryStore cleared
  2017-06-18 22:26:21.137 INFO  BlockManager:58 - BlockManager stopped
  2017-06-18 22:26:21.146 INFO  BlockManagerMaster:58 - BlockManagerMaster stopped
  2017-06-18 22:26:21.152 INFO  OutputCommitCoordinator$OutputCommitCoordinatorEndpoint:58 - OutputCommitCoordinator stopped!
  2017-06-18 22:26:21.161 INFO  SparkContext:58 - Successfully stopped SparkContext
  2017-06-18 22:26:21.162 INFO  ShutdownHookManager:58 - Shutdown hook called
  2017-06-18 22:26:21.162 INFO  RemoteActorRefProvider$RemotingTerminator:74 - Shutting down remote daemon.
  2017-06-18 22:26:21.164 INFO  ShutdownHookManager:58 - Deleting directory C:\Users\jaikumaran.g\AppData\Local\Temp\spark-07b8fe40-8562-48b9-89f9-94c44f6b93ec
  2017-06-18 22:26:21.167 INFO  RemoteActorRefProvider$RemotingTerminator:74 - Remote daemon shut down; proceeding with flushing remote transports.
  2017-06-18 22:29:48.522 INFO  SparkContext:58 - Running Spark version 1.6.1
  2017-06-18 22:29:49.215 WARN  NativeCodeLoader:62 - Unable to load native-hadoop library for your platform... using builtin-java classes where applicable
  2017-06-18 22:29:49.389 INFO  SecurityManager:58 - Changing view acls to: jaikumaran.g
  2017-06-18 22:29:49.390 INFO  SecurityManager:58 - Changing modify acls to: jaikumaran.g
  2017-06-18 22:29:49.391 INFO  SecurityManager:58 - SecurityManager: authentication disabled; ui acls disabled; users with view permissions: Set(jaikumaran.g); users with modify permissions: Set(jaikumaran.g)
  2017-06-18 22:29:50.155 INFO  Utils:58 - Successfully started service 'sparkDriver' on port 61013.
  2017-06-18 22:29:50.723 INFO  Slf4jLogger:80 - Slf4jLogger started
  2017-06-18 22:29:50.772 INFO  Remoting:74 - Starting remoting
  2017-06-18 22:29:51.071 INFO  Remoting:74 - Remoting started; listening on addresses :[akka.tcp://sparkDriverActorSystem@192.168.0.6:61026]
  2017-06-18 22:29:51.082 INFO  Utils:58 - Successfully started service 'sparkDriverActorSystem' on port 61026.
  2017-06-18 22:29:51.106 INFO  SparkEnv:58 - Registering MapOutputTracker
  2017-06-18 22:29:51.140 INFO  SparkEnv:58 - Registering BlockManagerMaster
  2017-06-18 22:29:51.162 INFO  DiskBlockManager:58 - Created local directory at C:\Users\jaikumaran.g\AppData\Local\Temp\blockmgr-6247d265-ffda-4d3d-aaa6-86ff2f20aad4
  2017-06-18 22:29:51.201 INFO  MemoryStore:58 - MemoryStore started with capacity 1120.5 MB
  2017-06-18 22:29:51.332 INFO  SparkEnv:58 - Registering OutputCommitCoordinator
  2017-06-18 22:29:51.781 INFO  Server:272 - jetty-8.y.z-SNAPSHOT
  2017-06-18 22:29:51.876 INFO  AbstractConnector:338 - Started SelectChannelConnector@0.0.0.0:4040
  2017-06-18 22:29:51.876 INFO  Utils:58 - Successfully started service 'SparkUI' on port 4040.
  2017-06-18 22:29:51.880 INFO  SparkUI:58 - Started SparkUI at http://192.168.0.6:4040
  2017-06-18 22:29:52.325 INFO  Executor:58 - Starting executor ID driver on host localhost
  2017-06-18 22:29:52.392 INFO  Utils:58 - Successfully started service 'org.apache.spark.network.netty.NettyBlockTransferService' on port 61045.
  2017-06-18 22:29:52.393 INFO  NettyBlockTransferService:58 - Server created on 61045
  2017-06-18 22:29:52.395 INFO  BlockManagerMaster:58 - Trying to register BlockManager
  2017-06-18 22:29:52.399 INFO  BlockManagerMasterEndpoint:58 - Registering block manager localhost:61045 with 1120.5 MB RAM, BlockManagerId(driver, localhost, 61045)
  2017-06-18 22:29:52.401 INFO  BlockManagerMaster:58 - Registered BlockManager
  2017-06-18 22:29:53.172 INFO  MemoryStore:58 - Block broadcast_0 stored as values in memory (estimated size 199.2 KB, free 199.2 KB)
  2017-06-18 22:29:53.220 INFO  MemoryStore:58 - Block broadcast_0_piece0 stored as bytes in memory (estimated size 18.5 KB, free 217.8 KB)
  2017-06-18 22:29:53.223 INFO  BlockManagerInfo:58 - Added broadcast_0_piece0 in memory on localhost:61045 (size: 18.5 KB, free: 1120.5 MB)
  2017-06-18 22:29:53.230 INFO  SparkContext:58 - Created broadcast 0 from textFile at SparkWordCount.scala:41
  2017-06-18 22:29:53.850 INFO  FileInputFormat:256 - Total input files to process : 1
  2017-06-18 22:29:54.022 INFO  deprecation:1181 - mapred.tip.id is deprecated. Instead, use mapreduce.task.id
  2017-06-18 22:29:54.023 INFO  deprecation:1181 - mapred.task.id is deprecated. Instead, use mapreduce.task.attempt.id
  2017-06-18 22:29:54.023 INFO  deprecation:1181 - mapred.task.is.map is deprecated. Instead, use mapreduce.task.ismap
  2017-06-18 22:29:54.024 INFO  deprecation:1181 - mapred.task.partition is deprecated. Instead, use mapreduce.task.partition
  2017-06-18 22:29:54.024 INFO  deprecation:1181 - mapred.job.id is deprecated. Instead, use mapreduce.job.id
  2017-06-18 22:29:54.030 INFO  FileOutputCommitter:123 - File Output Committer Algorithm version is 1
  2017-06-18 22:29:54.031 INFO  FileOutputCommitter:138 - FileOutputCommitter skip cleanup _temporary folders under output directory:false, ignore cleanup failures: false
  2017-06-18 22:29:54.151 INFO  SparkContext:58 - Starting job: saveAsTextFile at SparkWordCount.scala:60
  2017-06-18 22:29:54.204 INFO  DAGScheduler:58 - Registering RDD 3 (map at SparkWordCount.scala:47)
  2017-06-18 22:29:54.210 INFO  DAGScheduler:58 - Got job 0 (saveAsTextFile at SparkWordCount.scala:60) with 3 output partitions
  2017-06-18 22:29:54.210 INFO  DAGScheduler:58 - Final stage: ResultStage 1 (saveAsTextFile at SparkWordCount.scala:60)
  2017-06-18 22:29:54.211 INFO  DAGScheduler:58 - Parents of final stage: List(ShuffleMapStage 0)
  2017-06-18 22:29:54.214 INFO  DAGScheduler:58 - Missing parents: List(ShuffleMapStage 0)
  2017-06-18 22:29:54.225 INFO  DAGScheduler:58 - Submitting ShuffleMapStage 0 (MapPartitionsRDD[3] at map at SparkWordCount.scala:47), which has no missing parents
  2017-06-18 22:29:54.368 INFO  MemoryStore:58 - Block broadcast_1 stored as values in memory (estimated size 4.1 KB, free 221.9 KB)
  2017-06-18 22:29:54.372 INFO  MemoryStore:58 - Block broadcast_1_piece0 stored as bytes in memory (estimated size 2.3 KB, free 224.2 KB)
  2017-06-18 22:29:54.376 INFO  BlockManagerInfo:58 - Added broadcast_1_piece0 in memory on localhost:61045 (size: 2.3 KB, free: 1120.5 MB)
  2017-06-18 22:29:54.379 INFO  SparkContext:58 - Created broadcast 1 from broadcast at DAGScheduler.scala:1006
  2017-06-18 22:29:54.386 INFO  DAGScheduler:58 - Submitting 3 missing tasks from ShuffleMapStage 0 (MapPartitionsRDD[3] at map at SparkWordCount.scala:47)
  2017-06-18 22:29:54.389 INFO  TaskSchedulerImpl:58 - Adding task set 0.0 with 3 tasks
  2017-06-18 22:29:54.513 INFO  TaskSetManager:58 - Starting task 0.0 in stage 0.0 (TID 0, localhost, partition 0,PROCESS_LOCAL, 2179 bytes)
  2017-06-18 22:29:54.531 INFO  TaskSetManager:58 - Starting task 1.0 in stage 0.0 (TID 1, localhost, partition 1,PROCESS_LOCAL, 2179 bytes)
  2017-06-18 22:29:54.534 INFO  TaskSetManager:58 - Starting task 2.0 in stage 0.0 (TID 2, localhost, partition 2,PROCESS_LOCAL, 2179 bytes)
  2017-06-18 22:29:54.554 INFO  Executor:58 - Running task 0.0 in stage 0.0 (TID 0)
  2017-06-18 22:29:54.555 INFO  Executor:58 - Running task 1.0 in stage 0.0 (TID 1)
  2017-06-18 22:29:54.555 INFO  Executor:58 - Running task 2.0 in stage 0.0 (TID 2)
  2017-06-18 22:29:54.626 INFO  HadoopRDD:58 - Input split: file:/C:/Users/jaikumaran.g/git/MyPersonalSample2/JavaExamples/data/majestic_million.csv:67108864+14451503
  2017-06-18 22:29:54.626 INFO  HadoopRDD:58 - Input split: file:/C:/Users/jaikumaran.g/git/MyPersonalSample2/JavaExamples/data/majestic_million.csv:33554432+33554432
  2017-06-18 22:29:54.626 INFO  HadoopRDD:58 - Input split: file:/C:/Users/jaikumaran.g/git/MyPersonalSample2/JavaExamples/data/majestic_million.csv:0+33554432
  2017-06-18 22:30:00.000 INFO  Executor:58 - Finished task 2.0 in stage 0.0 (TID 2). 2255 bytes result sent to driver
  2017-06-18 22:30:00.020 INFO  TaskSetManager:58 - Finished task 2.0 in stage 0.0 (TID 2) in 5482 ms on localhost (1/3)
  2017-06-18 22:30:04.057 INFO  Executor:58 - Finished task 0.0 in stage 0.0 (TID 0). 2255 bytes result sent to driver
  2017-06-18 22:30:04.061 INFO  TaskSetManager:58 - Finished task 0.0 in stage 0.0 (TID 0) in 9607 ms on localhost (2/3)
  2017-06-18 22:30:04.388 INFO  Executor:58 - Finished task 1.0 in stage 0.0 (TID 1). 2255 bytes result sent to driver
  2017-06-18 22:30:04.392 INFO  TaskSetManager:58 - Finished task 1.0 in stage 0.0 (TID 1) in 9861 ms on localhost (3/3)
  2017-06-18 22:30:04.392 INFO  DAGScheduler:58 - ShuffleMapStage 0 (map at SparkWordCount.scala:47) finished in 9.965 s
  2017-06-18 22:30:04.396 INFO  TaskSchedulerImpl:58 - Removed TaskSet 0.0, whose tasks have all completed, from pool 
  2017-06-18 22:30:04.397 INFO  DAGScheduler:58 - looking for newly runnable stages
  2017-06-18 22:30:04.398 INFO  DAGScheduler:58 - running: Set()
  2017-06-18 22:30:04.399 INFO  DAGScheduler:58 - waiting: Set(ResultStage 1)
  2017-06-18 22:30:04.400 INFO  DAGScheduler:58 - failed: Set()
  2017-06-18 22:30:04.404 INFO  DAGScheduler:58 - Submitting ResultStage 1 (MapPartitionsRDD[5] at saveAsTextFile at SparkWordCount.scala:60), which has no missing parents
  2017-06-18 22:30:04.442 INFO  MemoryStore:58 - Block broadcast_2 stored as values in memory (estimated size 83.0 KB, free 307.2 KB)
  2017-06-18 22:30:04.444 INFO  MemoryStore:58 - Block broadcast_2_piece0 stored as bytes in memory (estimated size 29.1 KB, free 336.3 KB)
  2017-06-18 22:30:04.446 INFO  BlockManagerInfo:58 - Added broadcast_2_piece0 in memory on localhost:61045 (size: 29.1 KB, free: 1120.5 MB)
  2017-06-18 22:30:04.447 INFO  SparkContext:58 - Created broadcast 2 from broadcast at DAGScheduler.scala:1006
  2017-06-18 22:30:04.449 INFO  DAGScheduler:58 - Submitting 3 missing tasks from ResultStage 1 (MapPartitionsRDD[5] at saveAsTextFile at SparkWordCount.scala:60)
  2017-06-18 22:30:04.449 INFO  TaskSchedulerImpl:58 - Adding task set 1.0 with 3 tasks
  2017-06-18 22:30:04.464 INFO  TaskSetManager:58 - Starting task 0.0 in stage 1.0 (TID 3, localhost, partition 0,NODE_LOCAL, 1894 bytes)
  2017-06-18 22:30:04.465 INFO  TaskSetManager:58 - Starting task 1.0 in stage 1.0 (TID 4, localhost, partition 1,NODE_LOCAL, 1894 bytes)
  2017-06-18 22:30:04.468 INFO  TaskSetManager:58 - Starting task 2.0 in stage 1.0 (TID 5, localhost, partition 2,NODE_LOCAL, 1894 bytes)
  2017-06-18 22:30:04.471 INFO  Executor:58 - Running task 0.0 in stage 1.0 (TID 3)
  2017-06-18 22:30:04.485 INFO  Executor:58 - Running task 1.0 in stage 1.0 (TID 4)
  2017-06-18 22:30:04.499 INFO  Executor:58 - Running task 2.0 in stage 1.0 (TID 5)
  2017-06-18 22:30:04.626 INFO  ShuffleBlockFetcherIterator:58 - Getting 3 non-empty blocks out of 3 blocks
  2017-06-18 22:30:04.626 INFO  ShuffleBlockFetcherIterator:58 - Getting 3 non-empty blocks out of 3 blocks
  2017-06-18 22:30:04.634 INFO  ShuffleBlockFetcherIterator:58 - Started 0 remote fetches in 20 ms
  2017-06-18 22:30:04.635 INFO  ShuffleBlockFetcherIterator:58 - Started 0 remote fetches in 23 ms
  2017-06-18 22:30:04.641 INFO  ShuffleBlockFetcherIterator:58 - Getting 3 non-empty blocks out of 3 blocks
  2017-06-18 22:30:04.642 INFO  ShuffleBlockFetcherIterator:58 - Started 0 remote fetches in 1 ms
  2017-06-18 22:30:07.093 INFO  FileOutputCommitter:123 - File Output Committer Algorithm version is 1
  2017-06-18 22:30:07.093 INFO  FileOutputCommitter:123 - File Output Committer Algorithm version is 1
  2017-06-18 22:30:07.093 INFO  FileOutputCommitter:123 - File Output Committer Algorithm version is 1
  2017-06-18 22:30:07.094 INFO  FileOutputCommitter:138 - FileOutputCommitter skip cleanup _temporary folders under output directory:false, ignore cleanup failures: false
  2017-06-18 22:30:07.094 INFO  FileOutputCommitter:138 - FileOutputCommitter skip cleanup _temporary folders under output directory:false, ignore cleanup failures: false
  2017-06-18 22:30:07.094 INFO  FileOutputCommitter:138 - FileOutputCommitter skip cleanup _temporary folders under output directory:false, ignore cleanup failures: false
  2017-06-18 22:30:10.714 INFO  FileOutputCommitter:582 - Saved output of task 'attempt_201706182229_0001_m_000002_5' to file:/C:/Users/jaikumaran.g/git/MyPersonalSample2/JavaExamples/output/sparkwordcount/_temporary/0/task_201706182229_0001_m_000002
  2017-06-18 22:30:10.714 INFO  FileOutputCommitter:582 - Saved output of task 'attempt_201706182229_0001_m_000001_4' to file:/C:/Users/jaikumaran.g/git/MyPersonalSample2/JavaExamples/output/sparkwordcount/_temporary/0/task_201706182229_0001_m_000001
  2017-06-18 22:30:10.726 INFO  FileOutputCommitter:582 - Saved output of task 'attempt_201706182229_0001_m_000000_3' to file:/C:/Users/jaikumaran.g/git/MyPersonalSample2/JavaExamples/output/sparkwordcount/_temporary/0/task_201706182229_0001_m_000000
  2017-06-18 22:30:10.735 INFO  SparkHadoopMapRedUtil:58 - attempt_201706182229_0001_m_000002_5: Committed
  2017-06-18 22:30:10.735 INFO  SparkHadoopMapRedUtil:58 - attempt_201706182229_0001_m_000000_3: Committed
  2017-06-18 22:30:10.735 INFO  SparkHadoopMapRedUtil:58 - attempt_201706182229_0001_m_000001_4: Committed
  2017-06-18 22:30:10.740 INFO  Executor:58 - Finished task 1.0 in stage 1.0 (TID 4). 2080 bytes result sent to driver
  2017-06-18 22:30:10.740 INFO  Executor:58 - Finished task 0.0 in stage 1.0 (TID 3). 2080 bytes result sent to driver
  2017-06-18 22:30:10.740 INFO  Executor:58 - Finished task 2.0 in stage 1.0 (TID 5). 2080 bytes result sent to driver
  2017-06-18 22:30:10.744 INFO  TaskSetManager:58 - Finished task 2.0 in stage 1.0 (TID 5) in 6277 ms on localhost (1/3)
  2017-06-18 22:30:10.745 INFO  TaskSetManager:58 - Finished task 0.0 in stage 1.0 (TID 3) in 6285 ms on localhost (2/3)
  2017-06-18 22:30:10.748 INFO  TaskSetManager:58 - Finished task 1.0 in stage 1.0 (TID 4) in 6284 ms on localhost (3/3)
  2017-06-18 22:30:10.748 INFO  DAGScheduler:58 - ResultStage 1 (saveAsTextFile at SparkWordCount.scala:60) finished in 6.289 s
  2017-06-18 22:30:10.749 INFO  TaskSchedulerImpl:58 - Removed TaskSet 1.0, whose tasks have all completed, from pool 
  2017-06-18 22:30:10.751 INFO  BlockManagerInfo:58 - Removed broadcast_1_piece0 on localhost:61045 in memory (size: 2.3 KB, free: 1120.5 MB)
  2017-06-18 22:30:10.895 INFO  DAGScheduler:58 - Job 0 finished: saveAsTextFile at SparkWordCount.scala:60, took 16.744390 s
  2017-06-18 22:30:11.323 INFO  SparkWordCount:62 - StopWatch './data/majestic_million.csv': running time (millis) = 18550
-----------------------------------------
ms     %     Task name
-----------------------------------------
00628  003%  textfile
00014  000%  flatMap
00007  000%  map
00555  003%  reduceByKey
17346  094%  saveAsTextFile

  2017-06-18 22:30:11.335 INFO  SparkContext:58 - Starting job: count at SparkWordCount.scala:64
  2017-06-18 22:30:11.339 INFO  MapOutputTrackerMaster:58 - Size of output statuses for shuffle 0 is 163 bytes
  2017-06-18 22:30:11.347 INFO  DAGScheduler:58 - Got job 1 (count at SparkWordCount.scala:64) with 3 output partitions
  2017-06-18 22:30:11.347 INFO  DAGScheduler:58 - Final stage: ResultStage 3 (count at SparkWordCount.scala:64)
  2017-06-18 22:30:11.348 INFO  DAGScheduler:58 - Parents of final stage: List(ShuffleMapStage 2)
  2017-06-18 22:30:11.348 INFO  DAGScheduler:58 - Missing parents: List()
  2017-06-18 22:30:11.348 INFO  DAGScheduler:58 - Submitting ResultStage 3 (ShuffledRDD[4] at reduceByKey at SparkWordCount.scala:51), which has no missing parents
  2017-06-18 22:30:11.353 INFO  MemoryStore:58 - Block broadcast_3 stored as values in memory (estimated size 2.4 KB, free 332.3 KB)
  2017-06-18 22:30:11.355 INFO  MemoryStore:58 - Block broadcast_3_piece0 stored as bytes in memory (estimated size 1549.0 B, free 333.8 KB)
  2017-06-18 22:30:11.355 INFO  BlockManagerInfo:58 - Added broadcast_3_piece0 in memory on localhost:61045 (size: 1549.0 B, free: 1120.5 MB)
  2017-06-18 22:30:11.356 INFO  SparkContext:58 - Created broadcast 3 from broadcast at DAGScheduler.scala:1006
  2017-06-18 22:30:11.356 INFO  DAGScheduler:58 - Submitting 3 missing tasks from ResultStage 3 (ShuffledRDD[4] at reduceByKey at SparkWordCount.scala:51)
  2017-06-18 22:30:11.356 INFO  TaskSchedulerImpl:58 - Adding task set 3.0 with 3 tasks
  2017-06-18 22:30:11.357 INFO  TaskSetManager:58 - Starting task 0.0 in stage 3.0 (TID 6, localhost, partition 0,NODE_LOCAL, 1894 bytes)
  2017-06-18 22:30:11.358 INFO  TaskSetManager:58 - Starting task 1.0 in stage 3.0 (TID 7, localhost, partition 1,NODE_LOCAL, 1894 bytes)
  2017-06-18 22:30:11.359 INFO  TaskSetManager:58 - Starting task 2.0 in stage 3.0 (TID 8, localhost, partition 2,NODE_LOCAL, 1894 bytes)
  2017-06-18 22:30:11.359 INFO  Executor:58 - Running task 1.0 in stage 3.0 (TID 7)
  2017-06-18 22:30:11.359 INFO  Executor:58 - Running task 0.0 in stage 3.0 (TID 6)
  2017-06-18 22:30:11.363 INFO  ShuffleBlockFetcherIterator:58 - Getting 3 non-empty blocks out of 3 blocks
  2017-06-18 22:30:11.363 INFO  ShuffleBlockFetcherIterator:58 - Started 0 remote fetches in 1 ms
  2017-06-18 22:30:11.359 INFO  Executor:58 - Running task 2.0 in stage 3.0 (TID 8)
  2017-06-18 22:30:11.368 INFO  ShuffleBlockFetcherIterator:58 - Getting 3 non-empty blocks out of 3 blocks
  2017-06-18 22:30:11.369 INFO  ShuffleBlockFetcherIterator:58 - Started 0 remote fetches in 1 ms
  2017-06-18 22:30:11.408 INFO  ShuffleBlockFetcherIterator:58 - Getting 3 non-empty blocks out of 3 blocks
  2017-06-18 22:30:11.408 INFO  ShuffleBlockFetcherIterator:58 - Started 0 remote fetches in 0 ms
  2017-06-18 22:30:13.974 INFO  Executor:58 - Finished task 1.0 in stage 3.0 (TID 7). 1203 bytes result sent to driver
  2017-06-18 22:30:13.976 INFO  TaskSetManager:58 - Finished task 1.0 in stage 3.0 (TID 7) in 2618 ms on localhost (1/3)
  2017-06-18 22:30:13.987 INFO  Executor:58 - Finished task 0.0 in stage 3.0 (TID 6). 1203 bytes result sent to driver
  2017-06-18 22:30:13.988 INFO  TaskSetManager:58 - Finished task 0.0 in stage 3.0 (TID 6) in 2631 ms on localhost (2/3)
  2017-06-18 22:30:13.988 INFO  Executor:58 - Finished task 2.0 in stage 3.0 (TID 8). 1203 bytes result sent to driver
  2017-06-18 22:30:13.989 INFO  TaskSetManager:58 - Finished task 2.0 in stage 3.0 (TID 8) in 2631 ms on localhost (3/3)
  2017-06-18 22:30:13.989 INFO  TaskSchedulerImpl:58 - Removed TaskSet 3.0, whose tasks have all completed, from pool 
  2017-06-18 22:30:13.989 INFO  DAGScheduler:58 - ResultStage 3 (count at SparkWordCount.scala:64) finished in 2.632 s
  2017-06-18 22:30:13.990 INFO  DAGScheduler:58 - Job 1 finished: count at SparkWordCount.scala:64, took 2.654981 s
  2017-06-18 22:30:13.990 INFO  SparkWordCount:64 - 2004212
  2017-06-18 22:30:14.272 INFO  SparkContext:58 - Invoking stop() from shutdown hook
  2017-06-18 22:30:15.063 INFO  ContextHandler:843 - stopped o.s.j.s.ServletContextHandler{/metrics/json,null}
  2017-06-18 22:30:15.064 INFO  ContextHandler:843 - stopped o.s.j.s.ServletContextHandler{/stages/stage/kill,null}
  2017-06-18 22:30:15.065 INFO  ContextHandler:843 - stopped o.s.j.s.ServletContextHandler{/api,null}
  2017-06-18 22:30:15.066 INFO  ContextHandler:843 - stopped o.s.j.s.ServletContextHandler{/,null}
  2017-06-18 22:30:15.067 INFO  ContextHandler:843 - stopped o.s.j.s.ServletContextHandler{/static,null}
  2017-06-18 22:30:15.067 INFO  ContextHandler:843 - stopped o.s.j.s.ServletContextHandler{/executors/threadDump/json,null}
  2017-06-18 22:30:15.068 INFO  ContextHandler:843 - stopped o.s.j.s.ServletContextHandler{/executors/threadDump,null}
  2017-06-18 22:30:15.069 INFO  ContextHandler:843 - stopped o.s.j.s.ServletContextHandler{/executors/json,null}
  2017-06-18 22:30:15.069 INFO  ContextHandler:843 - stopped o.s.j.s.ServletContextHandler{/executors,null}
  2017-06-18 22:30:15.070 INFO  ContextHandler:843 - stopped o.s.j.s.ServletContextHandler{/environment/json,null}
  2017-06-18 22:30:15.071 INFO  ContextHandler:843 - stopped o.s.j.s.ServletContextHandler{/environment,null}
  2017-06-18 22:30:15.071 INFO  ContextHandler:843 - stopped o.s.j.s.ServletContextHandler{/storage/rdd/json,null}
  2017-06-18 22:30:15.072 INFO  ContextHandler:843 - stopped o.s.j.s.ServletContextHandler{/storage/rdd,null}
  2017-06-18 22:30:15.073 INFO  ContextHandler:843 - stopped o.s.j.s.ServletContextHandler{/storage/json,null}
  2017-06-18 22:30:15.074 INFO  ContextHandler:843 - stopped o.s.j.s.ServletContextHandler{/storage,null}
  2017-06-18 22:30:15.074 INFO  ContextHandler:843 - stopped o.s.j.s.ServletContextHandler{/stages/pool/json,null}
  2017-06-18 22:30:15.075 INFO  ContextHandler:843 - stopped o.s.j.s.ServletContextHandler{/stages/pool,null}
  2017-06-18 22:30:15.076 INFO  ContextHandler:843 - stopped o.s.j.s.ServletContextHandler{/stages/stage/json,null}
  2017-06-18 22:30:15.077 INFO  ContextHandler:843 - stopped o.s.j.s.ServletContextHandler{/stages/stage,null}
  2017-06-18 22:30:15.078 INFO  ContextHandler:843 - stopped o.s.j.s.ServletContextHandler{/stages/json,null}
  2017-06-18 22:30:15.078 INFO  ContextHandler:843 - stopped o.s.j.s.ServletContextHandler{/stages,null}
  2017-06-18 22:30:15.079 INFO  ContextHandler:843 - stopped o.s.j.s.ServletContextHandler{/jobs/job/json,null}
  2017-06-18 22:30:15.079 INFO  ContextHandler:843 - stopped o.s.j.s.ServletContextHandler{/jobs/job,null}
  2017-06-18 22:30:15.080 INFO  ContextHandler:843 - stopped o.s.j.s.ServletContextHandler{/jobs/json,null}
  2017-06-18 22:30:15.080 INFO  ContextHandler:843 - stopped o.s.j.s.ServletContextHandler{/jobs,null}
  2017-06-18 22:30:15.153 INFO  SparkUI:58 - Stopped Spark web UI at http://192.168.0.6:4040
  2017-06-18 22:30:15.533 INFO  MapOutputTrackerMasterEndpoint:58 - MapOutputTrackerMasterEndpoint stopped!
  2017-06-18 22:30:15.614 INFO  MemoryStore:58 - MemoryStore cleared
  2017-06-18 22:30:15.615 INFO  BlockManager:58 - BlockManager stopped
  2017-06-18 22:30:15.616 INFO  BlockManagerMaster:58 - BlockManagerMaster stopped
  2017-06-18 22:30:15.706 INFO  OutputCommitCoordinator$OutputCommitCoordinatorEndpoint:58 - OutputCommitCoordinator stopped!
  2017-06-18 22:30:15.738 INFO  SparkContext:58 - Successfully stopped SparkContext
  2017-06-18 22:30:15.794 INFO  ShutdownHookManager:58 - Shutdown hook called
  2017-06-18 22:30:15.894 INFO  ShutdownHookManager:58 - Deleting directory C:\Users\jaikumaran.g\AppData\Local\Temp\spark-1280c43f-b47c-4116-bc87-8dec77babd34
  